<?xml version="1.0" encoding="UTF-8"?><testrun name="runnerlogin" project="Myliaison" tests="2" started="2" failures="0" errors="1" ignored="0">
  <testsuite name="stepDefinitions.runnerlogin" time="21.308">
    <testsuite name="Test CreateAccount" time="9.292">
      <testcase name="Create Account" classname="Test CreateAccount" time="9.292">
        <error>java.lang.NullPointerException: Cannot invoke "org.openqa.selenium.WebDriver.findElement(org.openqa.selenium.By)" because "this.driver" is null&#13;
	at stepDefinitions.createaccount.user_fills_data(createaccount.java:14)&#13;
	at âœ½.User fills data(file:///C:/Users/rmelagir/eclipse-workspace/Myliaison/src/main/resources/Features/CreateAccount.feature:11)&#13;
&#13;
</error>
      </testcase>
    </testsuite>
    <testsuite name="Test Login" time="12.013">
      <testcase name="Check login is successful with valid credentials" classname="Test Login" time="12.013"/>
    </testsuite>
  </testsuite>
</testrun>
