<?xml version="1.0" encoding="UTF-8"?><testrun name="Myliaison (4)" project="Myliaison" tests="2" started="2" failures="0" errors="1" ignored="0">
  <testsuite name="stepDefinitions.runnerCreateAccount" time="47.852">
    <testsuite name="Test CreateAccount" time="47.852">
      <testcase name="Create Account" classname="Test CreateAccount" time="47.852"/>
    </testsuite>
  </testsuite>
  <testsuite name="stepDefinitions.runnerlogin" time="12.967">
    <testsuite name="Test Login" time="12.967">
      <testcase name="Check login is successful with valid credentials" classname="Test Login" time="12.967">
        <error>java.lang.NullPointerException: Cannot invoke "org.openqa.selenium.WebDriver.close()" because "this.driver" is null&#13;
	at stepDefinitions.createaccount.after(createaccount.java:184)&#13;
&#13;
</error>
      </testcase>
    </testsuite>
  </testsuite>
</testrun>
