<?xml version="1.0" encoding="UTF-8"?><testrun name="runnerlogin" project="Myliaison" tests="1" started="1" failures="0" errors="2" ignored="0">
  <testsuite name="stepDefinitions.runnerlogin" time="9.806">
    <testsuite name="Test CreateAccount" time="9.806">
      <testcase name="Create Account" classname="Test CreateAccount" time="9.806">
        <error>java.lang.NullPointerException: Cannot invoke "org.openqa.selenium.WebDriver.findElement(org.openqa.selenium.By)" because "this.driver" is null&#13;
	at stepDefinitions.createaccount.user_fills_data(createaccount.java:30)&#13;
	at âœ½.User fills data(file:///C:/Users/rmelagir/eclipse-workspace/Myliaison/src/main/resources/Features/CreateAccount.feature:11)&#13;
&#13;
java.lang.NullPointerException: Cannot invoke "org.openqa.selenium.WebDriver.close()" because "this.driver" is null&#13;
	at stepDefinitions.createaccount.after(createaccount.java:66)&#13;
&#13;
</error>
      </testcase>
    </testsuite>
  </testsuite>
</testrun>
