<?xml version="1.0" encoding="UTF-8"?><testrun name="runnerCreateAccount" project="Myliaison" tests="1" started="1" failures="0" errors="1" ignored="0">
  <testsuite name="stepDefinitions.runnerCreateAccount" time="83.728">
    <testsuite name="Test CreateAccount" time="83.728">
      <testcase name="Create Account" classname="Test CreateAccount" time="83.728">
        <error>org.openqa.selenium.ElementNotInteractableException: element not interactable
  (Session info: chrome=127.0.6533.72)
Build info: version: '4.11.0', revision: '040bc5406b'
System info: os.name: 'Windows 11', os.arch: 'amd64', os.version: '10.0', java.version: '22.0.1'
Driver info: org.openqa.selenium.chrome.ChromeDriver
Command: [f883a38dec7eef7209c885c44ef1ff06, clickElement {id=f.2BBDCE8E4307C58665AADE855587B757.d.BDC09693DBB6D5433CC9F7522D5FE811.e.1453}]
Capabilities {acceptInsecureCerts: false, browserName: chrome, browserVersion: 127.0.6533.72, chrome: {chromedriverVersion: 127.0.6533.72 (9755e24ca85a..., userDataDir: C:\Users\rmelagir\AppData\L...}, fedcm:accounts: true, goog:chromeOptions: {debuggerAddress: localhost:57508}, networkConnectionEnabled: false, pageLoadStrategy: normal, platformName: windows, proxy: Proxy(), se:cdp: ws://localhost:57508/devtoo..., se:cdpVersion: 127.0.6533.72, setWindowRect: true, strictFileInteractability: false, timeouts: {implicit: 0, pageLoad: 300000, script: 30000}, unhandledPromptBehavior: dismiss and notify, webauthn:extension:credBlob: true, webauthn:extension:largeBlob: true, webauthn:extension:minPinLength: true, webauthn:extension:prf: true, webauthn:virtualAuthenticators: true}
Element: [[ChromeDriver: chrome on windows (f883a38dec7eef7209c885c44ef1ff06)] -&gt; xpath: //button[@type='submit']]
Session ID: f883a38dec7eef7209c885c44ef1ff06&#13;
	at java.base/jdk.internal.reflect.DirectConstructorHandleAccessor.newInstance(DirectConstructorHandleAccessor.java:62)&#13;
	at java.base/java.lang.reflect.Constructor.newInstanceWithCaller(Constructor.java:502)&#13;
	at java.base/java.lang.reflect.Constructor.newInstance(Constructor.java:486)&#13;
	at org.openqa.selenium.remote.codec.w3c.W3CHttpResponseCodec.createException(W3CHttpResponseCodec.java:200)&#13;
	at org.openqa.selenium.remote.codec.w3c.W3CHttpResponseCodec.decode(W3CHttpResponseCodec.java:133)&#13;
	at org.openqa.selenium.remote.codec.w3c.W3CHttpResponseCodec.decode(W3CHttpResponseCodec.java:52)&#13;
	at org.openqa.selenium.remote.HttpCommandExecutor.execute(HttpCommandExecutor.java:191)&#13;
	at org.openqa.selenium.remote.service.DriverCommandExecutor.invokeExecute(DriverCommandExecutor.java:196)&#13;
	at org.openqa.selenium.remote.service.DriverCommandExecutor.execute(DriverCommandExecutor.java:171)&#13;
	at org.openqa.selenium.remote.RemoteWebDriver.execute(RemoteWebDriver.java:518)&#13;
	at org.openqa.selenium.remote.RemoteWebElement.execute(RemoteWebElement.java:224)&#13;
	at org.openqa.selenium.remote.RemoteWebElement.click(RemoteWebElement.java:77)&#13;
	at stepDefinitions.createaccount.SaveAboutMe(createaccount.java:152)&#13;
	at âœ½.Save About Me(file:///C:/Users/rmelagir/eclipse-workspace/Myliaison/src/main/resources/Features/CreateAccount.feature:14)&#13;
&#13;
</error>
      </testcase>
    </testsuite>
  </testsuite>
</testrun>
