<?xml version="1.0" encoding="UTF-8"?><testrun name="runnerlogin" project="Myliaison" tests="2" started="2" failures="0" errors="3" ignored="0">
  <testsuite name="stepDefinitions.runnerlogin" time="44.932">
    <testsuite name="Test Login" time="44.932">
      <testcase name="Check login is successful with valid credentials" classname="Test Login" time="14.328">
        <error>java.lang.NullPointerException: Cannot invoke "org.openqa.selenium.WebDriver.close()" because "this.driver" is null&#13;
	at stepDefinitions.createaccount.after(createaccount.java:170)&#13;
&#13;
</error>
      </testcase>
      <testcase name="Save Biographic" classname="Test Login" time="30.603">
        <error>io.cucumber.java.PendingException: TODO: implement me&#13;
	at stepDefinitions.loginSteps.click_about_me(loginSteps.java:102)&#13;
	at âœ½.click profile(file:///C:/Users/rmelagir/eclipse-workspace/Myliaison/src/main/resources/Features/login.feature:21)&#13;
&#13;
java.lang.NullPointerException: Cannot invoke "org.openqa.selenium.WebDriver.close()" because "this.driver" is null&#13;
	at stepDefinitions.createaccount.after(createaccount.java:170)&#13;
&#13;
</error>
      </testcase>
    </testsuite>
  </testsuite>
</testrun>
